 #include <iostream>
#include <conio.h>
#include <windows.h>

void setcolor(unsigned short color)
{
HANDLE hCon = GetStdHandle(STD_OUTPUT_HANDLE);

SetConsoleTextAttribute(hCon,color);
}

void main()
{
setcolor(10);
cout << "[=====================]\n";
setcolor(B);
cout << "Author : r00t@star\n";
setcolor(5);
cout << "powered by indonesian wibu :v\n";
setcolor(10);
cout << "[=====================]\n\n";
system("color 7");
cout << "\n";
cout << "(1).AdminSearch\n";
cout << "(2).UploadFinder\n";
cout << "(3).MatthewBot\n";
cout << "(4).Cydia\n";
cout << "(5).SpamJS\n";
cout << "(6).F-Tools\n";
cout << "(7).Login_Session\n";
cout << "(8).Termux-GUI\n";
cout << "(9).MetaInstaller\n";
cout << "(10).NetScan\n";
cout << "(11).FakeCall\n";
cout << "(12).F-Hub\n";
cout << "(13).LazadaChecker\n";
cout << "(14).HashCracker\n";
cout << "(15).IGINFORM\n";
cout << "(16).Iptracker\n";
cout << "(17).F-Dos\n";
cout << "(18).ProxyPicker\n";
cout << "(19).OpenHash\n";
cout << "(20).IslamKiblat\n";
cout << "(21).IslamPray\n";
cout << "(22).ScDeface323\n";
cout << "(23).IGStalker\n";
cout << "(24).HashMaker\n";
cout << "(25).Gitinform\n";
cout << "(26).XSploit\n";
cout << "(27).NetWorkSpoofing\n";
cout << "(28).MetaBot\n";
cout << "(29).Crsf-file-upload-exploiter\n";
cout << "(30).PasTen\n";
cout << "(31).WLoad\n";
cout << "(32).DefaceTools\n";
cout << "(33).CekCuaca\n";
cout << "(34).TheToxicBot\n";
cout << "(35).FuckingPentest\n";
cout << "(36).BugMaker\n";
cout << "(37).WebDavExploiter\n";
cout << "(38).Sqlbot\n";
cout << "[======================]\n";
int f;
cout << "root@star -# ";
cin >> star;
if (star <= 1){
cout << "Installing....";
system("git clone https://github.com/FajarTheGGman/AdminSearch");
system("cd AdminSearch");
system("sh AdminSearch/install");
}else if (star <= 2){
	cout << "Installing...";
	system("git clone https://github.com/FajarTheGGman/UploadFinder");
	system("cd UploadFinder");
	system("apt-get install nodejs -y");
	system("npm install --save colors request readline fs exit");
	system("node UploadFinder/upload.ts");
}else if (star <= 3){
	cout << "Installing....";
	system("git clone https://github.com/FajarTheGGman/MatthewBot");
	system("cd MatthewBot");
	system("apt-get install php -y");
	system("php MatthewBot/Matthew.php");
}else if (star <= 4){
	cout << "Installing....";
	system("git clone https://github.com/FajarTheGGman/Cydia");
	system("cd Cydia");
	system("sh Cydia/install");
}else if (star <= 5){
	cout << "Installing....";
	system("git clone https://github.com/FajarTheGGman/SpamJS");
	system("cd SpamJS");
	system("sh SpamJS/install");
}else if (star <= 6){
	cout << "Installing....";
	system("git clone https://github.com/FajarTheGGman/F-Tools");
	system("cd F-Tools");
	system("sh F-Tools/F-Tools.sh");
}else if (star <= 7){
	cout << "Installing....";
	system("git clone https://github.com/FajarTheGGman/Login_Session");
	system("cd Login_Session");
	system("ls");
}else if (star <= 8){
	cout << "Installing....";
	system("git clone https://github.com/FajarTheGGman/Termux-GUI");
	system("cd Termux-GUI");
	system("sh install");
	system("npm install colors shelljs");
	system("node Termux-GUI/fbox.js");
}else if (star <= 9){
	cout << "Installing....";
	system("git clone https://github.com/FajarTheGGman/MetaInstaller");
	system("cd MetaInstaller");
	system("apt-get install nodejs -y");
	system("npm install --save colors shelljs");
	system("node MetaInstaller/meta.js");
}else if (star <= 10){
	cout << "Installing....";
	system("git clone https://github.com/FajarTheGGman/NetScan");
	system("cd NetScan");
	system("sh NetScan/install.sh");
}else if (star <= 11){
	cout << "Installing....";
	system("git clone https://github.com/FajarTheGGman/FakeCall");
	system("cd FakeCall");
	system("apt-get install php -y");
	system("php FakeCall/spam.php");
}else if (star <= 12){
	cout << "Installing....";
	system("git clone https://github.com/FajarTheGGman/F-Hub");
	system("cd F-Hub");
	system("apt-get install php -y");
	system("php F-Hub/F-Hub.php");
}else if (star <= 13){
	cout << "Installing....";
	system("git clone https://github.com/FajarTheGGman/LazadaChecker");
	system("cd LazadaChecker");
	system("sh LazadaChecker/install");
	system("node LazadaChecker/lazada");
}else if (star <= 14){
	cout << "Installing....";
	system("git clone https://github.com/FajarTheGGman/HashCracker");
	system("cd HashCracker");
	system("sh HashCracker/install");
	system("node HashCracker/hash");
}else if (star <= 15){
	cout << "Installing....";
	system("git clone https://github.com/FajarTheGGman/IGINFORM");
	system("cd IGINFORM");
	system("sh IGINFORM/install");
	system("node IGINFORM/ig.js");
}else if (star <= 16){
	cout << "Installing....";
	system("git clone https://github.com/FajarTheGGman/IpTracker");
	system("cd Iptracker");
	system("apt-get install php -y");
	system("php Iptracker/ip.php");
}else if (star <= 17){
	cout << "Installing....";
	system("git clone https://github.com/FajarTheGGman/F-Dos");
	system("cd F-Dos");
	system("apt-get install python2");
	system("python2 F-Dos/F-Dos.py");
}else if (star <= 18){
	cout << "Installing....";
	system("git clone https://github.com/FajarTheGGman/ProxyPicker");
	system("cd ProxyPicker");
	system("apt-get install php -y");
	system("php ProxyPicker/proxypicker.php");
}else if (star <= 19){
	cout << "Installing....";
	system("git clone https://github.com/FajarTheGGman/OpenHash");
	system("cd OpenHash");
	system("apt-get install php -y");
	system("php OpenHash/openhash.php");
}else if (star <= 20){
	cout << "Installing....";
	system("git clone https://github.com/FajarTheGGman/IslamKiblat");
	system("cd IslamKiblat");
	system("apt-get install php -y");
	system("php Islam/islamkiblat.php");
}else if (star <= 21){
	cout << "Installing....";
	system("git clone https://github.com/FajarTheGGman/IslamPray");
	system("apt-get install php -y");
	system("php IslamPray/islam.php");
}else if (f <= 22){
	cout << "Installing....";
	system("git clone https://github.com/FajarTheGGman/ScDeface323");
    system("cd ScDeface323");
    system("ls");
}else if (star <= 23){
	cout << "Installing....";
	system("git clone https://github.com/FajarTheGGman/IGStalker");
	system("apt-get install php -y");
	system("php IGStalker/ig.php");
}else if (star <= 24){
	cout << "Installing....";
	system("git clone https://github.com/FajarTheGGman/HashMaker");
	system("sh HashMaker/hashmaker.sh");
}else if (star <= 25){
	cout << "Installing....";
	system("git clone https://github.com/FajarTheGGman/GitInform");
	system("apt-get install php -y");
	system("php Gitinform/gitinform.php");
}else if (star <= 26){
	cout << "Installing....";
	system("git clone https://github.com/FajarTheGGman/XSploit");
	system("sh XSploit/xsploit.sh");
}else if (star <= 27){
    cout << "Installing....";
    system("git clone https://github.com/FajarTheGGman/NetWorkSpoofing");
    system("sh NetWorkSpoofing/NetWorkSpoofing.sh");
}else if (star <= 28){
	cout << "Installing....";
	system("git clone https://github.com/FajarTheGGman/MetaBot");
	system("sh MetaBot/metabot.sh");
}else if (star <= 29){
	cout << "Installing....";
	system("git clone https://github.com/FajarTheGGman/Csrf-file-upload-exploiter");
	system("ls Crsf-file-upload-exploiter/");
}else if (star <= 30){
	cout << "Installing....";
	system("git clone https://github.com/FajarTheGGman/PasTen");
	system("sh PasTen/pasten.sh");
}else if (star <= 31){
	cout << "Installing....";
	system("git clone https://github.com/FajarTheGGman/WLoad");
	system("sh WLoad/WLoad.sh");
}else if (star <= 32){
	cout << "Installing....";
	system("git clone https://github.com/FajarTheGGman/DefaceTools");
	system("sh DefaceTools/defacetools.sh");
}else if (star <= 33){
	cout << "Installing....";
	system("git clone https://github.com/FajarTheGGman/CekCuaca");
	system("sh CekCuaca/cuaca.sh");
}else if (star <= 34){
	cout << "Installing....";
	system("git clone https://github.com/FajarTheGGman/TheToxicBot");
	system("apt-get install php -y");
	system("php TheToxicBot/thetoxicbot.php");
}else if (star <= 35){
	cout << "Installing....";
	system("git clone https://github.com/FajarTheGGman/FuckingPentest");
	system("sh FuckingPentest/fuckingpentest.sh");
}else if (star <= 36){
	cout << "Installing....";
	system("git clone https://github.com/FajarTheGGman/BugMaker");
	system("sh BugMaker/bugmaker.sh");
}else if (star <= 37){
	cout << "Installing....";
	system("git clone https://github.com/FajarTheGGman/WebDavExploiter");
	system("sh WebDavExploiter/webdavexploiter.sh");
}else if (star <= 38){
	cout << "Installing....";
	system("git clone https://github.com/FajarTheGGman/Sqlbot");
	system("sh Sqlbot/sqlbot.sh");
}
}
